#
# There is insufficient memory for the Java Runtime Environment to continue.
# Native memory allocation (malloc) failed to allocate 1048576 bytes for AllocateHeap
# Possible reasons:
#   The system is out of physical RAM or swap space
#   In 32 bit mode, the process size limit was hit
# Possible solutions:
#   Reduce memory load on the system
#   Increase physical memory or swap space
#   Check if swap backing store is full
#   Use 64 bit Java on a 64 bit OS
#   Decrease Java heap size (-Xmx/-Xms)
#   Decrease number of Java threads
#   Decrease Java thread stack sizes (-Xss)
#   Set larger code cache with -XX:ReservedCodeCacheSize=
# This output file may be truncated or incomplete.
#
#  Out of Memory Error (memory/allocation.inline.hpp:61), pid=15896, tid=20948
#
# JRE version:  (8.0_77-b03) (build )
# Java VM: Java HotSpot(TM) 64-Bit Server VM (25.77-b03 mixed mode windows-amd64 compressed oops)
# Failed to write core dump. Minidumps are not enabled by default on client versions of Windows
#

---------------  T H R E A D  ---------------

Current thread (0x00000000027a0800):  JavaThread "Unknown thread" [_thread_in_vm, id=20948, stack(0x0000000002660000,0x0000000002760000)]

Stack: [0x0000000002660000,0x0000000002760000]
[error occurred during error reporting (printing stack bounds), id 0xc0000005]

Native frames: (J=compiled Java code, j=interpreted, Vv=VM code, C=native code)


---------------  P R O C E S S  ---------------

Java Threads: ( => current thread )

Other Threads:

=>0x00000000027a0800 (exited) JavaThread "Unknown thread" [_thread_in_vm, id=20948, stack(0x0000000002660000,0x0000000002760000)]

VM state:not at safepoint (normal execution)

VM Mutex/Monitor currently owned by a thread: None

Heap:
 PSYoungGen      total 38400K, used 665K [0x00000000eab00000, 0x00000000ed580000, 0x0000000100000000)
  eden space 33280K, 2% used [0x00000000eab00000,0x00000000eaba6670,0x00000000ecb80000)
  from space 5120K, 0% used [0x00000000ed080000,0x00000000ed080000,0x00000000ed580000)
  to   space 5120K, 0% used [0x00000000ecb80000,0x00000000ecb80000,0x00000000ed080000)
 ParOldGen       total 87552K, used 0K [0x00000000c0000000, 0x00000000c5580000, 0x00000000eab00000)
  object space 87552K, 0% used [0x00000000c0000000,0x00000000c0000000,0x00000000c5580000)
 Metaspace       used 769K, capacity 4480K, committed 4480K, reserved 1056768K
  class space    used 75K, capacity 384K, committed 384K, reserved 1048576K

Card table byte_map: [0x0000000011c60000,0x0000000011e70000] byte_map_base: 0x0000000011660000

Marking Bits: (ParMarkBitMap*) 0x00000000704e0600
 Begin Bits: [0x00000000127d0000, 0x00000000137d0000)
 End Bits:   [0x00000000137d0000, 0x00000000147d0000)

Polling page: 0x0000000002620000

CodeCache: size=245760Kb used=328Kb max_used=328Kb free=245431Kb
 bounds [0x00000000028a0000, 0x0000000002b10000, 0x00000000118a0000]
 total_blobs=58 nmethods=0 adapters=38
 compilation: enabled

Compilation events (0 events):
No events

GC Heap History (0 events):
No events

Deoptimization events (0 events):
No events

Internal exceptions (0 events):
No events

Events (10 events):
Event: 0.111 loading class java/lang/Short
Event: 0.111 loading class java/lang/Short done
Event: 0.111 loading class java/lang/Integer
Event: 0.113 loading class java/lang/Integer done
Event: 0.113 loading class java/lang/Long
Event: 0.114 loading class java/lang/Long done
Event: 0.121 loading class java/lang/NullPointerException
Event: 0.121 loading class java/lang/NullPointerException done
Event: 0.121 loading class java/lang/ArithmeticException
Event: 0.121 loading class java/lang/ArithmeticException done


Dynamic libraries:
0x00007ff6d68d0000 - 0x00007ff6d6907000 	C:\Program Files\Java\jdk1.8.0_77\bin\java.exe
0x00007ffc28840000 - 0x00007ffc28a11000 	C:\WINDOWS\SYSTEM32\ntdll.dll
0x00007ffc25dd0000 - 0x00007ffc25e7b000 	C:\WINDOWS\System32\KERNEL32.DLL
0x00007ffc24e00000 - 0x00007ffc2501d000 	C:\WINDOWS\System32\KERNELBASE.dll
0x00007ffc28790000 - 0x00007ffc28832000 	C:\WINDOWS\System32\ADVAPI32.dll
0x00007ffc28410000 - 0x00007ffc284ae000 	C:\WINDOWS\System32\msvcrt.dll
0x00007ffc26730000 - 0x00007ffc26789000 	C:\WINDOWS\System32\sechost.dll
0x00007ffc26bc0000 - 0x00007ffc26ce1000 	C:\WINDOWS\System32\RPCRT4.dll
0x00007ffc28220000 - 0x00007ffc28385000 	C:\WINDOWS\System32\USER32.dll
0x00007ffc24de0000 - 0x00007ffc24dfe000 	C:\WINDOWS\System32\win32u.dll
0x00007ffc264b0000 - 0x00007ffc264e4000 	C:\WINDOWS\System32\GDI32.dll
0x00007ffc25390000 - 0x00007ffc25512000 	C:\WINDOWS\System32\gdi32full.dll
0x00007ffc14dd0000 - 0x00007ffc1504a000 	C:\WINDOWS\WinSxS\amd64_microsoft.windows.common-controls_6595b64144ccf1df_6.0.14393.953_none_42151e83c686086b\COMCTL32.dll
0x00007ffc268f0000 - 0x00007ffc26bb8000 	C:\WINDOWS\System32\combase.dll
0x00007ffc25070000 - 0x00007ffc25165000 	C:\WINDOWS\System32\ucrtbase.dll
0x00007ffc25220000 - 0x00007ffc2528a000 	C:\WINDOWS\System32\bcryptPrimitives.dll
0x00007ffc26350000 - 0x00007ffc2637e000 	C:\WINDOWS\System32\IMM32.DLL
0x0000000070560000 - 0x0000000070632000 	C:\Program Files\Java\jdk1.8.0_77\jre\bin\msvcr100.dll
0x000000006fcd0000 - 0x0000000070560000 	C:\Program Files\Java\jdk1.8.0_77\jre\bin\server\jvm.dll
0x00007ffc28200000 - 0x00007ffc28208000 	C:\WINDOWS\System32\PSAPI.DLL
0x00007ffc140a0000 - 0x00007ffc140a9000 	C:\WINDOWS\SYSTEM32\WSOCK32.dll
0x00007ffc26440000 - 0x00007ffc264aa000 	C:\WINDOWS\System32\WS2_32.dll
0x00007ffc22fc0000 - 0x00007ffc22fe3000 	C:\WINDOWS\SYSTEM32\WINMM.dll
0x00007ffc15d40000 - 0x00007ffc15d4a000 	C:\WINDOWS\SYSTEM32\VERSION.dll
0x00007ffc22b80000 - 0x00007ffc22bab000 	C:\WINDOWS\SYSTEM32\WINMMBASE.dll
0x00007ffc25020000 - 0x00007ffc25062000 	C:\WINDOWS\System32\cfgmgr32.dll
0x0000000071460000 - 0x000000007146f000 	C:\Program Files\Java\jdk1.8.0_77\jre\bin\verify.dll
0x000000006fca0000 - 0x000000006fcc9000 	C:\Program Files\Java\jdk1.8.0_77\jre\bin\java.dll
0x000000006fc80000 - 0x000000006fc96000 	C:\Program Files\Java\jdk1.8.0_77\jre\bin\zip.dll

VM Arguments:
jvm_args: -Djava.awt.headless=true -Xmx1024M -Dfile.encoding=windows-1252 -Duser.country=GB -Duser.language=en -Duser.variant 
java_command: com.android.dx.command.Main --dex --force-jumbo --num-threads=4 --multi-dex --output C:\Users\Filipe\AndroidStudioProjects\PiggyBank\app\build\intermediates\transforms\dex\debug\folders\1000\5\slice_4 C:\Users\Filipe\AndroidStudioProjects\PiggyBank\app\build\intermediates\transforms\instantRunSlicer\debug\folders\1\5\slice_4
java_class_path (initial): C:\Users\Filipe\AppData\Local\Android\sdk\build-tools\25.0.0\lib\dx.jar
Launcher Type: SUN_STANDARD

Environment Variables:
PATH=C:\ProgramData\Oracle\Java\javapath;C:\Windows\system32;C:\Windows;C:\Windows\System32\Wbem;C:\Windows\System32\WindowsPowerShell\v1.0\;C:\Program Files\Intel\WiFi\bin\;C:\Program Files\Common Files\Intel\WirelessCommon\;C:\Program Files (x86)\NVIDIA Corporation\PhysX\Common;C:\Program Files (x86)\Skype\Phone\;C:\Program Files (x86)\Brackets\command;C:\Program Files\Microsoft SQL Server\130\Tools\Binn\;C:\Program Files\Git\cmd;C:\WINDOWS\system32;C:\WINDOWS;C:\WINDOWS\System32\Wbem;C:\WINDOWS\System32\WindowsPowerShell\v1.0\;C:\Program Files\MySQL\MySQL Utilities 1.6\;C:\Program Files (x86)\Windows Kits\10\Windows Performance Toolkit\;C:\Program Files (x86)\PuTTY\;C:\Program Files\Intel\WiFi\bin\;C:\Program Files\Common Files\Intel\WirelessCommon\;%USERPROFILE%\AppData\Local\Microsoft\WindowsApps;
USERNAME=Filipe
OS=Windows_NT
PROCESSOR_IDENTIFIER=Intel64 Family 6 Model 60 Stepping 3, GenuineIntel



---------------  S Y S T E M  ---------------

OS: Windows 10.0 , 64 bit Build 14393 (10.0.14393.0)

CPU:total 8 (4 cores per cpu, 2 threads per core) family 6 model 60 stepping 3, cmov, cx8, fxsr, mmx, sse, sse2, sse3, ssse3, sse4.1, sse4.2, popcnt, avx, avx2, aes, clmul, erms, lzcnt, ht, tsc, tscinvbit, bmi1, bmi2

Memory: 4k page, physical 8298776k(360840k free), swap 16890788k(5352k free)

vm_info: Java HotSpot(TM) 64-Bit Server VM (25.77-b03) for windows-amd64 JRE (1.8.0_77-b03), built on Mar 20 2016 22:01:33 by "java_re" with MS VC++ 10.0 (VS2010)

time: Fri Apr 14 17:42:12 2017
elapsed time: 0 seconds (0d 0h 0m 0s)

